# JRE version: OpenJDK Runtime Environment (8.0_76-b03) (build 1.8.0_76-release-b03)
# Java VM: OpenJDK 64-Bit Server VM (25.76-b03 mixed mode windows-amd64 compressed oops)
Heap:
 PSYoungGen      total 95744K, used 44537K [0x00000000e0000000, 0x00000000e6c80000, 0x0000000100000000)
  eden space 84992K, 52% used [0x00000000e0000000,0x00000000e2b7e408,0x00000000e5300000)
  from space 10752K, 0% used [0x00000000e5d80000,0x00000000e5d80000,0x00000000e6800000)
  to   space 10752K, 0% used [0x00000000e5300000,0x00000000e5300000,0x00000000e5d80000)
 ParOldGen       total 97792K, used 14369K [0x00000000a0000000, 0x00000000a5f80000, 0x00000000e0000000)
  object space 97792K, 14% used [0x00000000a0000000,0x00000000a0e087a8,0x00000000a5f80000)
 Metaspace       used 36359K, capacity 37030K, committed 37416K, reserved 1081344K
  class space    used 4883K, capacity 5077K, committed 5168K, reserved 1048576K
GC Heap History (10 events):
Event: 12.026 GC heap before
{Heap before GC invocations=8 (full 1):
 PSYoungGen      total 56832K, used 51857K [0x00000000e0000000, 0x00000000e4200000, 0x0000000100000000)
  eden space 46592K, 100% used [0x00000000e0000000,0x00000000e2d80000,0x00000000e2d80000)
  from space 10240K, 51% used [0x00000000e3780000,0x00000000e3ca46c0,0x00000000e4180000)
  to   space 10240K, 0% used [0x00000000e2d80000,0x00000000e2d80000,0x00000000e3780000)
 ParOldGen       total 66048K, used 8361K [0x00000000a0000000, 0x00000000a4080000, 0x00000000e0000000)
  object space 66048K, 12% used [0x00000000a0000000,0x00000000a082a668,0x00000000a4080000)
 Metaspace       used 28082K, capacity 28602K, committed 28848K, reserved 1075200K
  class space    used 3831K, capacity 3997K, committed 4016K, reserved 1048576K
Event: 12.050 GC heap after
Heap after GC invocations=8 (full 1):
 PSYoungGen      total 56832K, used 5255K [0x00000000e0000000, 0x00000000e5500000, 0x0000000100000000)
  eden space 46592K, 0% used [0x00000000e0000000,0x00000000e0000000,0x00000000e2d80000)
  from space 10240K, 51% used [0x00000000e2d80000,0x00000000e32a1f80,0x00000000e3780000)
  to   space 9728K, 0% used [0x00000000e4b80000,0x00000000e4b80000,0x00000000e5500000)
 ParOldGen       total 66048K, used 8369K [0x00000000a0000000, 0x00000000a4080000, 0x00000000e0000000)
  object space 66048K, 12% used [0x00000000a0000000,0x00000000a082c668,0x00000000a4080000)
 Metaspace       used 28082K, capacity 28602K, committed 28848K, reserved 1075200K
  class space    used 3831K, capacity 3997K, committed 4016K, reserved 1048576K
}
Event: 13.581 GC heap before
{Heap before GC invocations=9 (full 1):
 PSYoungGen      total 56832K, used 51847K [0x00000000e0000000, 0x00000000e5500000, 0x0000000100000000)
  eden space 46592K, 100% used [0x00000000e0000000,0x00000000e2d80000,0x00000000e2d80000)
  from space 10240K, 51% used [0x00000000e2d80000,0x00000000e32a1f80,0x00000000e3780000)
  to   space 9728K, 0% used [0x00000000e4b80000,0x00000000e4b80000,0x00000000e5500000)
 ParOldGen       total 66048K, used 8369K [0x00000000a0000000, 0x00000000a4080000, 0x00000000e0000000)
  object space 66048K, 12% used [0x00000000a0000000,0x00000000a082c668,0x00000000a4080000)
 Metaspace       used 28852K, capacity 29360K, committed 29744K, reserved 1075200K
  class space    used 3913K, capacity 4099K, committed 4144K, reserved 1048576K
Event: 13.592 GC heap after
Heap after GC invocations=9 (full 1):
 PSYoungGen      total 75264K, used 4874K [0x00000000e0000000, 0x00000000e5400000, 0x0000000100000000)
  eden space 66560K, 0% used [0x00000000e0000000,0x00000000e0000000,0x00000000e4100000)
  from space 8704K, 56% used [0x00000000e4b80000,0x00000000e5042af8,0x00000000e5400000)
  to   space 9728K, 0% used [0x00000000e4100000,0x00000000e4100000,0x00000000e4a80000)
 ParOldGen       total 66048K, used 8449K [0x00000000a0000000, 0x00000000a4080000, 0x00000000e0000000)
  object space 66048K, 12% used [0x00000000a0000000,0x00000000a0840690,0x00000000a4080000)
 Metaspace       used 28852K, capacity 29360K, committed 29744K, reserved 1075200K
  class space    used 3913K, capacity 4099K, committed 4144K, reserved 1048576K
}
Event: 15.383 GC heap before
{Heap before GC invocations=10 (full 1):
 PSYoungGen      total 75264K, used 71434K [0x00000000e0000000, 0x00000000e5400000, 0x0000000100000000)
  eden space 66560K, 100% used [0x00000000e0000000,0x00000000e4100000,0x00000000e4100000)
  from space 8704K, 56% used [0x00000000e4b80000,0x00000000e5042af8,0x00000000e5400000)
  to   space 9728K, 0% used [0x00000000e4100000,0x00000000e4100000,0x00000000e4a80000)
 ParOldGen       total 66048K, used 8449K [0x00000000a0000000, 0x00000000a4080000, 0x00000000e0000000)
  object space 66048K, 12% used [0x00000000a0000000,0x00000000a0840690,0x00000000a4080000)
 Metaspace       used 33597K, capacity 34134K, committed 34480K, reserved 1079296K
  class space    used 4509K, capacity 4672K, committed 4784K, reserved 1048576K
Event: 15.411 GC heap after
Heap after GC invocations=10 (full 1):
 PSYoungGen      total 76288K, used 9727K [0x00000000e0000000, 0x00000000e6800000, 0x0000000100000000)
  eden space 66560K, 0% used [0x00000000e0000000,0x00000000e0000000,0x00000000e4100000)
  from space 9728K, 99% used [0x00000000e4100000,0x00000000e4a7ffc0,0x00000000e4a80000)
  to   space 10752K, 0% used [0x00000000e5d80000,0x00000000e5d80000,0x00000000e6800000)
 ParOldGen       total 66048K, used 8740K [0x00000000a0000000, 0x00000000a4080000, 0x00000000e0000000)
  object space 66048K, 13% used [0x00000000a0000000,0x00000000a08892e8,0x00000000a4080000)
 Metaspace       used 33597K, capacity 34134K, committed 34480K, reserved 1079296K
  class space    used 4509K, capacity 4672K, committed 4784K, reserved 1048576K
}
Event: 15.854 GC heap before
{Heap before GC invocations=11 (full 1):
 PSYoungGen      total 76288K, used 18805K [0x00000000e0000000, 0x00000000e6800000, 0x0000000100000000)
  eden space 66560K, 13% used [0x00000000e0000000,0x00000000e08dd6c0,0x00000000e4100000)
  from space 9728K, 99% used [0x00000000e4100000,0x00000000e4a7ffc0,0x00000000e4a80000)
  to   space 10752K, 0% used [0x00000000e5d80000,0x00000000e5d80000,0x00000000e6800000)
 ParOldGen       total 66048K, used 8740K [0x00000000a0000000, 0x00000000a4080000, 0x00000000e0000000)
  object space 66048K, 13% used [0x00000000a0000000,0x00000000a08892e8,0x00000000a4080000)
 Metaspace       used 34536K, capacity 35086K, committed 35496K, reserved 1079296K
  class space    used 4619K, capacity 4772K, committed 4784K, reserved 1048576K
Event: 15.873 GC heap after
Heap after GC invocations=11 (full 1):
 PSYoungGen      total 95744K, used 7670K [0x00000000e0000000, 0x00000000e6c80000, 0x0000000100000000)
  eden space 84992K, 0% used [0x00000000e0000000,0x00000000e0000000,0x00000000e5300000)
  from space 10752K, 71% used [0x00000000e5d80000,0x00000000e64fd888,0x00000000e6800000)
  to   space 10752K, 0% used [0x00000000e5300000,0x00000000e5300000,0x00000000e5d80000)
 ParOldGen       total 66048K, used 8748K [0x00000000a0000000, 0x00000000a4080000, 0x00000000e0000000)
  object space 66048K, 13% used [0x00000000a0000000,0x00000000a088b2e8,0x00000000a4080000)
 Metaspace       used 34536K, capacity 35086K, committed 35496K, reserved 1079296K
  class space    used 4619K, capacity 4772K, committed 4784K, reserved 1048576K
}
Event: 15.873 GC heap before
{Heap before GC invocations=12 (full 2):
 PSYoungGen      total 95744K, used 7670K [0x00000000e0000000, 0x00000000e6c80000, 0x0000000100000000)
  eden space 84992K, 0% used [0x00000000e0000000,0x00000000e0000000,0x00000000e5300000)
  from space 10752K, 71% used [0x00000000e5d80000,0x00000000e64fd888,0x00000000e6800000)
  to   space 10752K, 0% used [0x00000000e5300000,0x00000000e5300000,0x00000000e5d80000)
 ParOldGen       total 66048K, used 8748K [0x00000000a0000000, 0x00000000a4080000, 0x00000000e0000000)
  object space 66048K, 13% used [0x00000000a0000000,0x00000000a088b2e8,0x00000000a4080000)
 Metaspace       used 34536K, capacity 35086K, committed 35496K, reserved 1079296K
  class space    used 4619K, capacity 4772K, committed 4784K, reserved 1048576K
Event: 16.070 GC heap after
Heap after GC invocations=12 (full 2):
 PSYoungGen      total 95744K, used 0K [0x00000000e0000000, 0x00000000e6c80000, 0x0000000100000000)
  eden space 84992K, 0% used [0x00000000e0000000,0x00000000e0000000,0x00000000e5300000)
  from space 10752K, 0% used [0x00000000e5d80000,0x00000000e5d80000,0x00000000e6800000)
  to   space 10752K, 0% used [0x00000000e5300000,0x00000000e5300000,0x00000000e5d80000)
 ParOldGen       total 97792K, used 14369K [0x00000000a0000000, 0x00000000a5f80000, 0x00000000e0000000)
  object space 97792K, 14% used [0x00000000a0000000,0x00000000a0e087a8,0x00000000a5f80000)
 Metaspace       used 34536K, capacity 35086K, committed 35496K, reserved 1079296K
  class space    used 4619K, capacity 4772K, committed 4784K, reserved 1048576K
}

